yyyy-09-02 23:07:42 - [32minfo[39m : [32mConnected to database mongodb+srv://wictorhiago:ng8e01Rge7YcrOKq@atlascluster.ktp9c1a.mongodb.net/?retryWrites=true&w=majority[39m
yyyy-09-02 23:07:42 - [32minfo[39m : [32mServer started : htpp://localhost:3333[39m
2022-09-02 23:08:09 - [32minfo[39m : [32mConnected to database mongodb+srv://wictorhiago:ng8e01Rge7YcrOKq@atlascluster.ktp9c1a.mongodb.net/?retryWrites=true&w=majority[39m
2022-09-02 23:08:09 - [32minfo[39m : [32mServer started : htpp://localhost:3333[39m
2022-09-20 23:08:19 - [32minfo[39m : [32mConnected to database mongodb+srv://wictorhiago:ng8e01Rge7YcrOKq@atlascluster.ktp9c1a.mongodb.net/?retryWrites=true&w=majority[39m
2022-09-20 23:08:19 - [32minfo[39m : [32mServer started : htpp://localhost:3333[39m
2022-09-20 23:08:35:835 - [32minfo[39m : [32mConnected to database mongodb+srv://wictorhiago:ng8e01Rge7YcrOKq@atlascluster.ktp9c1a.mongodb.net/?retryWrites=true&w=majority[39m
2022-09-20 23:08:35:835 - [32minfo[39m : [32mServer started : htpp://localhost:3333[39m
2022-09-20 23:08:52:852 - [32minfo[39m : [32mConnected to database mongodb+srv://wictorhiago:ng8e01Rge7YcrOKq@atlascluster.ktp9c1a.mongodb.net/?retryWrites=true&w=majority[39m
2022-09-20 23:08:52:852 - [32minfo[39m : [32mServer started : htpp://localhost:3333[39m
2022-09-20 23:12:18:1218 - [32minfo[39m : [32mConnected to database mongodb+srv://wictorhiago:ng8e01Rge7YcrOKq@atlasclustser.ktp9c1a.mongodb.net/?retryWrites=true&w=majority[39m
2022-09-20 23:12:18:1218 - [32minfo[39m : [32mServer started : htpp://localhost:3333[39m
2022-09-20 23:12:44:1244 - [32minfo[39m : [32mConnected to database mongodb+srv://wictorhiago:ng8e01Rge7YcrOKq@atlascluster.ktp9c1a.mongodb.net/?retryWrites=true&w=majority[39m
2022-09-20 23:12:44:1244 - [32minfo[39m : [32mServer started : htpp://localhost:3333[39m
2022-09-20 23:12:52:1252 - [32minfo[39m : [32mError connecting to database mongodb[39m
2022-09-20 23:13:16:1316 - [32minfo[39m : [32mError connecting to database mongodb[39m
2022-09-20 23:13:59:1359 - [32minfo[39m : [32mConnected to database mongodb+srv://wictorhiago:ng8e01Rge7YcrOKq@atlascluster.ktp9c1a.mongodb.net/?retryWrites=true&w=majority[39m
2022-09-20 23:13:59:1359 - [32minfo[39m : [32mServer started : htpp://localhost:3333[39m
2022-09-20 23:15:01:151 - [32minfo[39m : [32mConnected to database mongodb+srv://wictorhiago:ng8e01Rge7YcrOKq@atlascluster.ktp9c1a.mongodb.net/?retryWrites=true&w=majority[39m
2022-09-20 23:15:01:151 - [32minfo[39m : [32mServer started : htpp://localhost:3333[39m
2022-09-20 23:15:19:1519 - [31merror[39m : [31mError connecting to database mongodb[39m
2022-09-20 23:15:38:1538 - [31merror[39m : [31mError connecting to database mongodb[39m
2022-09-20 23:15:46:1546 - [32minfo[39m : [32mConnected to database mongodb+srv://wictorhiago:ng8e01Rge7YcrOKq@atlascluster.ktp9c1a.mongodb.net/?retryWrites=true&w=majority[39m
2022-09-20 23:15:46:1546 - [32minfo[39m : [32mServer started : htpp://localhost:3333[39m
2022-09-20 23:24:28:2428 - [32minfo[39m : [32mConnected to database mongodb+srv://wictorhiago:ng8e01Rge7YcrOKq@atlascluster.ktp9c1a.mongodb.net/?retryWrites=true&w=majority[39m
2022-09-20 23:24:28:2428 - [32minfo[39m : [32mServer started : htpp://localhost:3333[39m
2022-09-20 23:45:26:4526 - [32minfo[39m : [32mConnected to database mongodb+srv://wictorhiago:ng8e01Rge7YcrOKq@atlascluster.ktp9c1a.mongodb.net/?retryWrites=true&w=majority[39m
2022-09-20 23:45:26:4526 - [32minfo[39m : [32mServer started : htpp://localhost:3333[39m
2022-09-20 23:47:16:4716 - [32minfo[39m : [32mConnected to database mongodb+srv://wictorhiago:ng8e01Rge7YcrOKq@atlascluster.ktp9c1a.mongodb.net/?retryWrites=true&w=majority[39m
2022-09-20 23:47:16:4716 - [32minfo[39m : [32mServer started : htpp://localhost:3333[39m
2022-09-20 23:51:11:5111 - [32minfo[39m : [32mConnected to database mongodb+srv://wictorhiago:ng8e01Rge7YcrOKq@atlascluster.ktp9c1a.mongodb.net/?retryWrites=true&w=majority[39m
2022-09-20 23:51:11:5111 - [32minfo[39m : [32mServer started : htpp://localhost:3333[39m
2022-09-20 23:51:52:5152 - [32minfo[39m : [32mConnected to database mongodb+srv://wictorhiago:ng8e01Rge7YcrOKq@atlascluster.ktp9c1a.mongodb.net/?retryWrites=true&w=majority[39m
2022-09-20 23:51:52:5152 - [32minfo[39m : [32mServer started : htpp://localhost:3333[39m
2022-09-20 23:52:52:5252 - [32minfo[39m : [32mConnected to database mongodb+srv://wictorhiago:ng8e01Rge7YcrOKq@atlascluster.ktp9c1a.mongodb.net/?retryWrites=true&w=majority[39m
2022-09-20 23:52:52:5252 - [32minfo[39m : [32mServer started : htpp://localhost:3333[39m
2022-09-20 23:54:52:5452 - [32minfo[39m : [32mConnected to database mongodb+srv://wictorhiago:ng8e01Rge7YcrOKq@atlascluster.ktp9c1a.mongodb.net/?retryWrites=true&w=majority[39m
2022-09-20 23:54:52:5452 - [32minfo[39m : [32mServer started : htpp://localhost:3333[39m
2022-09-20 23:54:58:5458 - [35mhttp[39m : [35mGET /api/test 200 10 - 2.466 ms[39m
[35m[39m
2022-09-20 23:59:31:5931 - [32minfo[39m : [32mConnected to database mongodb+srv://wictorhiago:ng8e01Rge7YcrOKq@atlascluster.ktp9c1a.mongodb.net/?retryWrites=true&w=majority[39m
2022-09-20 23:59:31:5931 - [32minfo[39m : [32mServer started : htpp://localhost:3333[39m
2022-09-21 00:12:41:1241 - [32minfo[39m : [32mConnected to database mongodb+srv://wictorhiago:ng8e01Rge7YcrOKq@atlascluster.ktp9c1a.mongodb.net/?retryWrites=true&w=majority[39m
2022-09-21 00:12:41:1241 - [32minfo[39m : [32mServer started : htpp://localhost:3333[39m
2022-09-21 00:12:54:1254 - [32minfo[39m : [32mConnected to database mongodb+srv://wictorhiago:ng8e01Rge7YcrOKq@atlascluster.ktp9c1a.mongodb.net/?retryWrites=true&w=majority[39m
2022-09-21 00:12:54:1254 - [32minfo[39m : [32mServer started : htpp://localhost:3333[39m
2022-09-21 00:14:26:1426 - [32minfo[39m : [32mConnected to database mongodb+srv://wictorhiago:ng8e01Rge7YcrOKq@atlascluster.ktp9c1a.mongodb.net/?retryWrites=true&w=majority[39m
2022-09-21 00:14:26:1426 - [32minfo[39m : [32mServer started : htpp://localhost:3333[39m
2022-09-21 00:16:02:162 - [35mhttp[39m : [35mGET /api/test 200 10 - 2.513 ms[39m
[35m[39m
2022-09-21 00:17:20:1720 - [35mhttp[39m : [35mPOST /api/movie 200 22 - 0.710 ms[39m
[35m[39m
2022-09-26 08:42:16:4216 - [32minfo[39m : [32mConnected to database mongodb+srv://wictorhiago:ng8e01Rge7YcrOKq@atlascluster.ktp9c1a.mongodb.net/?retryWrites=true&w=majority[39m
2022-09-26 08:42:16:4216 - [32minfo[39m : [32mServer started : htpp://localhost:3333[39m
2022-09-26 08:49:58:4958 - [35mhttp[39m : [35mGET / 404 139 - 3.362 ms[39m
[35m[39m
2022-09-26 08:52:13:5213 - [32minfo[39m : [32mConnected to database mongodb+srv://wictorhiago:ng8e01Rge7YcrOKq@atlascluster.ktp9c1a.mongodb.net/?retryWrites=true&w=majority[39m
2022-09-26 08:52:13:5213 - [32minfo[39m : [32mServer started : htpp://localhost:3333[39m
2022-09-26 08:53:28:5328 - [35mhttp[39m : [35mGET /test 404 143 - 2.362 ms[39m
[35m[39m
2022-09-26 08:56:46:5646 - [35mhttp[39m : [35mGET /api/test 200 10 - 2.237 ms[39m
[35m[39m
2022-09-26 09:00:33:033 - [35mhttp[39m : [35mPOST /api/movie 200 22 - 0.879 ms[39m
[35m[39m
2022-09-26 09:02:44:244 - [35mhttp[39m : [35mPOST /api/movie 200 21 - 2.341 ms[39m
[35m[39m
2022-09-26 09:02:44:244 - [32minfo[39m : [32mConnected to database mongodb+srv://wictorhiago:ng8e01Rge7YcrOKq@atlascluster.ktp9c1a.mongodb.net/?retryWrites=true&w=majority[39m
2022-09-26 09:02:44:244 - [32minfo[39m : [32mServer started : htpp://localhost:3333[39m
2022-09-26 09:07:18:718 - [32minfo[39m : [32mConnected to database mongodb+srv://wictorhiago:ng8e01Rge7YcrOKq@atlascluster.ktp9c1a.mongodb.net/?retryWrites=true&w=majority[39m
2022-09-26 09:07:18:718 - [32minfo[39m : [32mServer started : htpp://localhost:3333[39m
2022-09-26 09:30:59:3059 - [32minfo[39m : [32mConnected to database mongodb+srv://wictorhiago:ng8e01Rge7YcrOKq@atlascluster.ktp9c1a.mongodb.net/?retryWrites=true&w=majority[39m
2022-09-26 09:30:59:3059 - [32minfo[39m : [32mServer started : htpp://localhost:3333[39m
2022-09-26 09:31:06:316 - [32minfo[39m : [32mConnected to database mongodb+srv://wictorhiago:ng8e01Rge7YcrOKq@atlascluster.ktp9c1a.mongodb.net/?retryWrites=true&w=majority[39m
2022-09-26 09:31:06:316 - [32minfo[39m : [32mServer started : htpp://localhost:3333[39m
2022-09-26 09:31:28:3128 - [35mhttp[39m : [35mGET /api/test 200 10 - 2.448 ms[39m
[35m[39m
2022-09-26 09:31:37:3137 - [31merror[39m : [31mError system: Movie validation failed: rating: Cast to Number failed for value "3,1" (type string) at path "rating"[39m
2022-09-26 09:32:08:328 - [35mhttp[39m : [35mPOST /api/movie - - - - ms[39m
[35m[39m
2022-09-26 09:32:12:3212 - [35mhttp[39m : [35mPOST /api/movie 200 245 - 217.117 ms[39m
[35m[39m
2022-09-26 09:33:40:3340 - [32minfo[39m : [32mConnected to database mongodb+srv://wictorhiago:ng8e01Rge7YcrOKq@atlascluster.ktp9c1a.mongodb.net/?retryWrites=true&w=majority[39m
2022-09-26 09:33:40:3340 - [32minfo[39m : [32mServer started : htpp://localhost:3333[39m
2022-09-26 09:41:59:4159 - [32minfo[39m : [32mConnected to database mongodb+srv://wictorhiago:ng8e01Rge7YcrOKq@atlascluster.ktp9c1a.mongodb.net/?retryWrites=true&w=majority[39m
2022-09-26 09:41:59:4159 - [32minfo[39m : [32mServer started : htpp://localhost:3333[39m
2022-09-26 09:42:05:425 - [31merror[39m : [31mError system: Movie validation failed: rating: Cast to Number failed for value "3,1" (type string) at path "rating"[39m
2022-09-26 09:44:23:4423 - [32minfo[39m : [32mConnected to database mongodb+srv://wictorhiago:ng8e01Rge7YcrOKq@atlascluster.ktp9c1a.mongodb.net/?retryWrites=true&w=majority[39m
2022-09-26 09:44:23:4423 - [32minfo[39m : [32mServer started : htpp://localhost:3333[39m
2022-09-26 09:44:58:4458 - [31merror[39m : [31mError system: Movie validation failed: rating: Cast to Number failed for value "3,1" (type string) at path "rating"[39m
2022-09-26 09:49:09:499 - [35mhttp[39m : [35mPOST /api/movie - - - - ms[39m
[35m[39m
2022-09-26 09:49:13:4913 - [31merror[39m : [31mError system: Movie validation failed: rating: Cast to Number failed for value "3,1" (type string) at path "rating"[39m
2022-09-26 09:49:51:4951 - [32minfo[39m : [32mConnected to database mongodb+srv://wictorhiago:ng8e01Rge7YcrOKq@atlascluster.ktp9c1a.mongodb.net/?retryWrites=true&w=majority[39m
2022-09-26 09:49:51:4951 - [32minfo[39m : [32mServer started : htpp://localhost:3333[39m
2022-09-26 09:50:59:5059 - [35mhttp[39m : [35mPOST /api/movie - - - - ms[39m
[35m[39m
2022-09-26 09:51:17:5117 - [32minfo[39m : [32mConnected to database mongodb+srv://wictorhiago:ng8e01Rge7YcrOKq@atlascluster.ktp9c1a.mongodb.net/?retryWrites=true&w=majority[39m
2022-09-26 09:51:17:5117 - [32minfo[39m : [32mServer started : htpp://localhost:3333[39m
2022-09-26 09:52:15:5215 - [32minfo[39m : [32mConnected to database mongodb+srv://wictorhiago:ng8e01Rge7YcrOKq@atlascluster.ktp9c1a.mongodb.net/?retryWrites=true&w=majority[39m
2022-09-26 09:52:15:5215 - [32minfo[39m : [32mServer started : htpp://localhost:3333[39m
2022-09-26 09:52:18:5218 - [35mhttp[39m : [35mPOST /api/movie 422 43 - 5.313 ms[39m
[35m[39m
2022-09-26 09:52:49:5249 - [32minfo[39m : [32mConnected to database mongodb+srv://wictorhiago:ng8e01Rge7YcrOKq@atlascluster.ktp9c1a.mongodb.net/?retryWrites=true&w=majority[39m
2022-09-26 09:52:49:5249 - [32minfo[39m : [32mServer started : htpp://localhost:3333[39m
2022-09-26 09:54:40:5440 - [32minfo[39m : [32mConnected to database mongodb+srv://wictorhiago:ng8e01Rge7YcrOKq@atlascluster.ktp9c1a.mongodb.net/?retryWrites=true&w=majority[39m
2022-09-26 09:54:40:5440 - [32minfo[39m : [32mServer started : htpp://localhost:3333[39m
2022-09-26 09:54:43:5443 - [35mhttp[39m : [35mPOST /api/movie 422 98 - 5.855 ms[39m
[35m[39m
2022-09-26 09:55:12:5512 - [35mhttp[39m : [35mPOST /api/movie 422 66 - 1.382 ms[39m
[35m[39m
2022-09-26 09:57:32:5732 - [32minfo[39m : [32mConnected to database mongodb+srv://wictorhiago:ng8e01Rge7YcrOKq@atlascluster.ktp9c1a.mongodb.net/?retryWrites=true&w=majority[39m
2022-09-26 09:57:32:5732 - [32minfo[39m : [32mServer started : htpp://localhost:3333[39m
2022-09-26 09:57:44:5744 - [35mhttp[39m : [35mPOST /api/movie 422 135 - 6.900 ms[39m
[35m[39m
2022-09-26 09:57:52:5752 - [35mhttp[39m : [35mPOST /api/movie 422 98 - 1.883 ms[39m
[35m[39m
2022-09-26 10:00:47:047 - [32minfo[39m : [32mConnected to database mongodb+srv://wictorhiago:ng8e01Rge7YcrOKq@atlascluster.ktp9c1a.mongodb.net/?retryWrites=true&w=majority[39m
2022-09-26 10:00:47:047 - [32minfo[39m : [32mServer started : htpp://localhost:3333[39m
2022-09-26 10:00:59:059 - [35mhttp[39m : [35mPOST /api/movie 422 162 - 7.301 ms[39m
[35m[39m
2022-09-26 10:01:22:122 - [32minfo[39m : [32mConnected to database mongodb+srv://wictorhiago:ng8e01Rge7YcrOKq@atlascluster.ktp9c1a.mongodb.net/?retryWrites=true&w=majority[39m
2022-09-26 10:01:22:122 - [32minfo[39m : [32mServer started : htpp://localhost:3333[39m
2022-09-26 10:01:24:124 - [35mhttp[39m : [35mPOST /api/movie 422 142 - 6.809 ms[39m
[35m[39m
2022-09-26 10:05:11:511 - [32minfo[39m : [32mConnected to database mongodb+srv://wictorhiago:ng8e01Rge7YcrOKq@atlascluster.ktp9c1a.mongodb.net/?retryWrites=true&w=majority[39m
2022-09-26 10:05:11:511 - [32minfo[39m : [32mServer started : htpp://localhost:3333[39m
2022-09-26 10:05:36:536 - [32minfo[39m : [32mConnected to database mongodb+srv://wictorhiago:ng8e01Rge7YcrOKq@atlascluster.ktp9c1a.mongodb.net/?retryWrites=true&w=majority[39m
2022-09-26 10:05:36:536 - [32minfo[39m : [32mServer started : htpp://localhost:3333[39m
2022-09-26 10:05:36:536 - [35mhttp[39m : [35mPOST /api/movie 422 179 - 6.801 ms[39m
[35m[39m
2022-09-26 10:07:06:76 - [32minfo[39m : [32mConnected to database mongodb+srv://wictorhiago:ng8e01Rge7YcrOKq@atlascluster.ktp9c1a.mongodb.net/?retryWrites=true&w=majority[39m
2022-09-26 10:07:06:76 - [32minfo[39m : [32mServer started : htpp://localhost:3333[39m
2022-09-26 10:07:32:732 - [35mhttp[39m : [35mPOST /api/movie 422 216 - 7.739 ms[39m
[35m[39m
2022-09-26 10:08:20:820 - [35mhttp[39m : [35mPOST /api/movie 422 184 - 2.072 ms[39m
[35m[39m
2022-09-26 10:08:31:831 - [35mhttp[39m : [35mPOST /api/movie 422 184 - 1.215 ms[39m
[35m[39m
2022-09-26 10:12:51:1251 - [32minfo[39m : [32mConnected to database mongodb+srv://wictorhiago:ng8e01Rge7YcrOKq@atlascluster.ktp9c1a.mongodb.net/?retryWrites=true&w=majority[39m
2022-09-26 10:12:51:1251 - [32minfo[39m : [32mServer started : htpp://localhost:3333[39m
2022-09-26 10:15:50:1550 - [32minfo[39m : [32mConnected to database mongodb+srv://wictorhiago:ng8e01Rge7YcrOKq@atlascluster.ktp9c1a.mongodb.net/?retryWrites=true&w=majority[39m
2022-09-26 10:15:50:1550 - [32minfo[39m : [32mServer started : htpp://localhost:3333[39m
2022-09-26 10:17:42:1742 - [35mhttp[39m : [35mPOST /api/movie 422 93 - 7.305 ms[39m
[35m[39m
2022-09-26 10:18:20:1820 - [35mhttp[39m : [35mPOST /api/movie 422 49 - 3.207 ms[39m
[35m[39m
2022-09-26 10:18:42:1842 - [35mhttp[39m : [35mPOST /api/movie 200 261 - 240.199 ms[39m
[35m[39m
2022-09-26 10:19:09:199 - [35mhttp[39m : [35mGET /api/6331b4c2924f70863dd96792 404 167 - 1.457 ms[39m
[35m[39m
2022-09-26 10:20:04:204 - [35mhttp[39m : [35mGET /api/movie/6331b4c2924f70863dd96792 - - - - ms[39m
[35m[39m
2022-09-26 10:20:11:2011 - [32minfo[39m : [32mConnected to database mongodb+srv://wictorhiago:ng8e01Rge7YcrOKq@atlascluster.ktp9c1a.mongodb.net/?retryWrites=true&w=majority[39m
2022-09-26 10:20:11:2011 - [32minfo[39m : [32mServer started : htpp://localhost:3333[39m
2022-09-26 10:20:33:2033 - [35mhttp[39m : [35mGET /api/movie/6331b4c2924f70863dd96792 - - - - ms[39m
[35m[39m
2022-09-26 10:21:47:2147 - [32minfo[39m : [32mConnected to database mongodb+srv://wictorhiago:ng8e01Rge7YcrOKq@atlascluster.ktp9c1a.mongodb.net/?retryWrites=true&w=majority[39m
2022-09-26 10:21:47:2147 - [32minfo[39m : [32mServer started : htpp://localhost:3333[39m
2022-09-26 10:22:01:221 - [35mhttp[39m : [35mGET /api/movie/6331b4c2924f70863dd96792 - - - - ms[39m
[35m[39m
2022-09-26 10:22:41:2241 - [31merror[39m : [31mError system Cast to ObjectId failed for value "6331b4c2924f70863dsd96792" (type string) at path "_id" for model "Movie"[39m
2022-09-26 10:22:49:2249 - [35mhttp[39m : [35mGET /api/movie/6331b4c2924f70863dsd96792 - - - - ms[39m
[35m[39m
2022-09-26 10:24:54:2454 - [35mhttp[39m : [35mGET /api/movie/6331b4c2924f70863dd96793 404 33 - 215.825 ms[39m
[35m[39m
2022-09-26 10:26:04:264 - [32minfo[39m : [32mConnected to database mongodb+srv://wictorhiago:ng8e01Rge7YcrOKq@atlascluster.ktp9c1a.mongodb.net/?retryWrites=true&w=majority[39m
2022-09-26 10:26:04:264 - [32minfo[39m : [32mServer started : htpp://localhost:3333[39m
2022-09-26 10:26:06:266 - [35mhttp[39m : [35mGET /api/movie/6331b4c2924f70863dd96792 200 261 - 216.667 ms[39m
[35m[39m
2022-09-26 10:39:00:390 - [32minfo[39m : [32mConnected to database mongodb+srv://wictorhiago:ng8e01Rge7YcrOKq@atlascluster.ktp9c1a.mongodb.net/?retryWrites=true&w=majority[39m
2022-09-26 10:39:00:390 - [32minfo[39m : [32mServer started : htpp://localhost:3333[39m
2022-09-26 10:39:50:3950 - [32minfo[39m : [32mConnected to database mongodb+srv://wictorhiago:ng8e01Rge7YcrOKq@atlascluster.ktp9c1a.mongodb.net/?retryWrites=true&w=majority[39m
2022-09-26 10:39:50:3950 - [32minfo[39m : [32mServer started : htpp://localhost:3333[39m
2022-09-26 10:41:37:4137 - [35mhttp[39m : [35mGET /api/movie/ 200 509 - 218.649 ms[39m
[35m[39m
2022-09-26 10:42:24:4224 - [32minfo[39m : [32mConnected to database mongodb+srv://wictorhiago:ng8e01Rge7YcrOKq@atlascluster.ktp9c1a.mongodb.net/?retryWrites=true&w=majority[39m
2022-09-26 10:42:24:4224 - [32minfo[39m : [32mServer started : htpp://localhost:3333[39m
2022-09-26 10:47:15:4715 - [32minfo[39m : [32mConnected to database mongodb+srv://wictorhiago:ng8e01Rge7YcrOKq@atlascluster.ktp9c1a.mongodb.net/?retryWrites=true&w=majority[39m
2022-09-26 10:47:15:4715 - [32minfo[39m : [32mServer started : htpp://localhost:3333[39m
2022-09-26 10:47:51:4751 - [32minfo[39m : [32mConnected to database mongodb+srv://wictorhiago:ng8e01Rge7YcrOKq@atlascluster.ktp9c1a.mongodb.net/?retryWrites=true&w=majority[39m
2022-09-26 10:47:51:4751 - [32minfo[39m : [32mServer started : htpp://localhost:3333[39m
2022-09-26 10:48:59:4859 - [32minfo[39m : [32mConnected to database mongodb+srv://wictorhiago:ng8e01Rge7YcrOKq@atlascluster.ktp9c1a.mongodb.net/?retryWrites=true&w=majority[39m
2022-09-26 10:48:59:4859 - [32minfo[39m : [32mServer started : htpp://localhost:3333[39m
2022-09-26 10:50:53:5053 - [35mhttp[39m : [35mPOST /api/movie 200 261 - 232.558 ms[39m
[35m[39m
2022-09-26 10:52:08:528 - [35mhttp[39m : [35mPOST /api/movie 200 262 - 211.062 ms[39m
[35m[39m
2022-09-26 10:52:17:5217 - [35mhttp[39m : [35mGET /api/movie/ 200 1034 - 211.569 ms[39m
[35m[39m
2022-09-26 10:52:50:5250 - [35mhttp[39m : [35mDELETE /api/movie/6331bc4d091b6038bdd2a606 - - - - ms[39m
[35m[39m
2022-09-26 10:52:57:5257 - [35mhttp[39m : [35mGET /api/movie/ 200 1034 - 204.002 ms[39m
[35m[39m
2022-09-26 10:53:49:5349 - [32minfo[39m : [32mConnected to database mongodb+srv://wictorhiago:ng8e01Rge7YcrOKq@atlascluster.ktp9c1a.mongodb.net/?retryWrites=true&w=majority[39m
2022-09-26 10:53:49:5349 - [32minfo[39m : [32mServer started : htpp://localhost:3333[39m
2022-09-26 10:53:56:5356 - [35mhttp[39m : [35mDELETE /api/movie/6331bc4d091b6038bdd2a606 - - - - ms[39m
[35m[39m
2022-09-26 10:54:10:5410 - [32minfo[39m : [32mConnected to database mongodb+srv://wictorhiago:ng8e01Rge7YcrOKq@atlascluster.ktp9c1a.mongodb.net/?retryWrites=true&w=majority[39m
2022-09-26 10:54:10:5410 - [32minfo[39m : [32mServer started : htpp://localhost:3333[39m
2022-09-26 10:54:20:5420 - [35mhttp[39m : [35mDELETE /api/movie/6331bc4d091b6038bdd2a606 - - - - ms[39m
[35m[39m
2022-09-26 10:54:50:5450 - [35mhttp[39m : [35mDELETE /api/6331bc4d091b6038bdd2a606 404 170 - 2.146 ms[39m
[35m[39m
2022-09-26 10:55:05:555 - [35mhttp[39m : [35mGET /api/movie/ 200 1034 - 206.431 ms[39m
[35m[39m
2022-09-26 10:55:23:5523 - [35mhttp[39m : [35mDELETE /api/6331b4c2924f70863dd96792 404 170 - 0.935 ms[39m
[35m[39m
2022-09-26 11:00:10:010 - [32minfo[39m : [32mConnected to database mongodb+srv://wictorhiago:ng8e01Rge7YcrOKq@atlascluster.ktp9c1a.mongodb.net/?retryWrites=true&w=majority[39m
2022-09-26 11:00:10:010 - [32minfo[39m : [32mServer started : htpp://localhost:3333[39m
2022-09-26 11:00:36:036 - [32minfo[39m : [32mConnected to database mongodb+srv://wictorhiago:ng8e01Rge7YcrOKq@atlascluster.ktp9c1a.mongodb.net/?retryWrites=true&w=majority[39m
2022-09-26 11:00:36:036 - [32minfo[39m : [32mServer started : htpp://localhost:3333[39m
2022-09-26 11:00:43:043 - [35mhttp[39m : [35mDELETE /api/6331b4c2924f70863dd96792 404 170 - 2.697 ms[39m
[35m[39m
2022-09-26 11:00:57:057 - [35mhttp[39m : [35mDELETE /api/movie/6331b4c2924f70863dd96792 200 52 - 431.085 ms[39m
[35m[39m
2022-09-26 11:22:17:2217 - [32minfo[39m : [32mConnected to database mongodb+srv://wictorhiago:ng8e01Rge7YcrOKq@atlascluster.ktp9c1a.mongodb.net/?retryWrites=true&w=majority[39m
2022-09-26 11:22:17:2217 - [32minfo[39m : [32mServer started : htpp://localhost:3333[39m
2022-09-26 11:26:15:2615 - [32minfo[39m : [32mConnected to database mongodb+srv://wictorhiago:ng8e01Rge7YcrOKq@atlascluster.ktp9c1a.mongodb.net/?retryWrites=true&w=majority[39m
2022-09-26 11:26:15:2615 - [32minfo[39m : [32mServer started : htpp://localhost:3333[39m
2022-09-26 11:26:24:2624 - [32minfo[39m : [32mConnected to database mongodb+srv://wictorhiago:ng8e01Rge7YcrOKq@atlascluster.ktp9c1a.mongodb.net/?retryWrites=true&w=majority[39m
2022-09-26 11:26:24:2624 - [32minfo[39m : [32mServer started : htpp://localhost:3333[39m
2022-09-26 11:27:11:2711 - [32minfo[39m : [32mConnected to database mongodb+srv://wictorhiago:ng8e01Rge7YcrOKq@atlascluster.ktp9c1a.mongodb.net/?retryWrites=true&w=majority[39m
2022-09-26 11:27:11:2711 - [32minfo[39m : [32mServer started : htpp://localhost:3333[39m
2022-09-26 11:27:49:2749 - [32minfo[39m : [32mConnected to database mongodb+srv://wictorhiago:ng8e01Rge7YcrOKq@atlascluster.ktp9c1a.mongodb.net/?retryWrites=true&w=majority[39m
2022-09-26 11:27:49:2749 - [32minfo[39m : [32mServer started : htpp://localhost:3333[39m
2022-09-26 11:29:36:2936 - [35mhttp[39m : [35mPATCH /api/movie/6331b4c2924f70863dd96792 200 27 - 218.189 ms[39m
[35m[39m
2022-09-26 11:31:27:3127 - [32minfo[39m : [32mConnected to database mongodb+srv://wictorhiago:ng8e01Rge7YcrOKq@atlascluster.ktp9c1a.mongodb.net/?retryWrites=true&w=majority[39m
2022-09-26 11:31:27:3127 - [32minfo[39m : [32mServer started : htpp://localhost:3333[39m
2022-09-26 11:32:19:3219 - [32minfo[39m : [32mConnected to database mongodb+srv://wictorhiago:ng8e01Rge7YcrOKq@atlascluster.ktp9c1a.mongodb.net/?retryWrites=true&w=majority[39m
2022-09-26 11:32:19:3219 - [32minfo[39m : [32mServer started : htpp://localhost:3333[39m
2022-09-26 11:32:30:3230 - [32minfo[39m : [32mConnected to database mongodb+srv://wictorhiago:ng8e01Rge7YcrOKq@atlascluster.ktp9c1a.mongodb.net/?retryWrites=true&w=majority[39m
2022-09-26 11:32:30:3230 - [32minfo[39m : [32mServer started : htpp://localhost:3333[39m
2022-09-26 11:33:22:3322 - [35mhttp[39m : [35mPATCH /api/movie/6331b4c2924f70863dd96793 200 27 - 218.446 ms[39m
[35m[39m
2022-09-26 11:33:31:3331 - [35mhttp[39m : [35mPATCH /api/movie/6331b4c2924f70863dd96792 200 27 - 205.873 ms[39m
[35m[39m
2022-09-26 11:34:33:3433 - [35mhttp[39m : [35mPATCH /api/movie/6331bc98091b6038bdd2a608 200 145 - 439.915 ms[39m
[35m[39m
2022-09-26 12:05:28:528 - [35mhttp[39m : [35mGET /api/test 200 10 - 0.515 ms[39m
[35m[39m
2022-09-26 12:05:37:537 - [35mhttp[39m : [35mGET /api/:id 404 146 - 1.539 ms[39m
[35m[39m
2022-09-26 12:05:46:546 - [35mhttp[39m : [35mGET /api/movie/ 200 789 - 212.916 ms[39m
[35m[39m
2022-09-26 12:06:05:65 - [35mhttp[39m : [35mGET /api/6331bc4d091b6038bdd2a606 404 167 - 0.437 ms[39m
[35m[39m
2022-09-26 12:06:35:635 - [35mhttp[39m : [35mGET /api/6331bc4d091b6038bdd2a606 404 167 - 0.331 ms[39m
[35m[39m
2022-09-26 12:07:39:739 - [32minfo[39m : [32mConnected to database mongodb+srv://wictorhiago:ng8e01Rge7YcrOKq@atlascluster.ktp9c1a.mongodb.net/?retryWrites=true&w=majority[39m
2022-09-26 12:07:39:739 - [32minfo[39m : [32mServer started : htpp://localhost:3333[39m
2022-09-26 12:07:45:745 - [35mhttp[39m : [35mGET /api/6331bc4d091b6038bdd2a606 404 167 - 2.821 ms[39m
[35m[39m
2022-09-26 12:08:35:835 - [35mhttp[39m : [35mGET /api/test 200 10 - 2.505 ms[39m
[35m[39m
2022-09-26 12:08:59:859 - [35mhttp[39m : [35mGET /api/movie/6331bc4d091b6038bdd2a606 200 261 - 225.775 ms[39m
[35m[39m
2022-09-26 12:09:27:927 - [35mhttp[39m : [35mGET /api/movie/6331bc4d091b6038bdd2a606 200 261 - 207.841 ms[39m
[35m[39m
